<?xml version="1.0" encoding="UTF-8"?>
<!-- Generated by org.testng.reporters.JUnitXMLReporter -->
<testsuite ignored="0" hostname="CTNL0060" failures="0" tests="1" name="APPLE_iPhone8_iOS_12.2.0_fe616" time="13.554" errors="0" timestamp="2021-10-21T14:56:03 IST">
  <testcase classname="com.crestech.android.tests.pCloudyAndroidTest" name="SampleAndroidTest on [pCloudyAndroidTest passed=0 failed=0 skipped=0]" time="0.0">
    <skipped/>
  </testcase> <!-- SampleAndroidTest on [pCloudyAndroidTest passed=0 failed=0 skipped=0] -->
</testsuite> <!-- APPLE_iPhone8_iOS_12.2.0_fe616 -->
