<?xml version="1.0" encoding="UTF-8"?>
<!-- Generated by org.testng.reporters.JUnitXMLReporter -->
<testsuite ignored="0" hostname="CTNL0060" failures="0" tests="1" name="GOOGLE_Pixel2_Android_11.0.0_dafcb" time="1.801" errors="0" timestamp="01 Nov 2021 07:13:55 GMT">
  <testcase classname="com.crestech.base.UserBaseTest" name="@BeforeMethod startApp" time="0.702">
    <failure type="org.apache.poi.openxml4j.exceptions.OpenXML4JRuntimeException" message="Fail to save: an error occurs while saving the package : The part /xl/worksheets/sheet3.xml failed to be saved in the stream with marshaller org.apache.poi.openxml4j.opc.internal.marshallers.DefaultMarshaller@2e6c009">
      <![CDATA[org.apache.poi.openxml4j.exceptions.OpenXML4JRuntimeException: Fail to save: an error occurs while saving the package : The part /xl/worksheets/sheet3.xml failed to be saved in the stream with marshaller org.apache.poi.openxml4j.opc.internal.marshallers.DefaultMarshaller@2e6c009
	at org.apache.poi.openxml4j.opc.ZipPackage.saveImpl(ZipPackage.java:554)
	at org.apache.poi.openxml4j.opc.OPCPackage.save(OPCPackage.java:1505)
	at org.apache.poi.openxml4j.opc.OPCPackage.save(OPCPackage.java:1492)
	at org.apache.poi.openxml4j.opc.ZipPackage.closeImpl(ZipPackage.java:427)
	at org.apache.poi.openxml4j.opc.OPCPackage.close(OPCPackage.java:457)
	at org.apache.poi.ooxml.POIXMLDocument.close(POIXMLDocument.java:204)
	at org.apache.poi.xssf.usermodel.XSSFWorkbook.close(XSSFWorkbook.java:594)
	at com.crestech.common.utilities.ExcelUtils.readExcel(ExcelUtils.java:66)
	at com.crestech.base.UserBaseTest.startApp(UserBaseTest.java:95)
	at java.base/java.util.concurrent.FutureTask.run(FutureTask.java:264)
	at java.base/java.util.concurrent.ThreadPoolExecutor.runWorker(ThreadPoolExecutor.java:1130)
	at java.base/java.util.concurrent.ThreadPoolExecutor$Worker.run(ThreadPoolExecutor.java:630)
	at java.base/java.lang.Thread.run(Thread.java:832)
Caused by: org.apache.poi.openxml4j.exceptions.OpenXML4JException: The part /xl/worksheets/sheet3.xml failed to be saved in the stream with marshaller org.apache.poi.openxml4j.opc.internal.marshallers.DefaultMarshaller@2e6c009
	at org.apache.poi.openxml4j.opc.ZipPackage.saveImpl(ZipPackage.java:543)
	... 30 more
... Removed 18 stack frames]]>
    </failure>
  </testcase> <!-- @BeforeMethod startApp -->
  <testcase classname="com.crestech.android.tests.DBSAndroidTest" name="SampleAndroidTest on [DBSAndroidTest passed=0 failed=0 skipped=0]" time="0.0">
    <skipped/>
  </testcase> <!-- SampleAndroidTest on [DBSAndroidTest passed=0 failed=0 skipped=0] -->
</testsuite> <!-- GOOGLE_Pixel2_Android_11.0.0_dafcb -->
