<?xml version="1.0" encoding="UTF-8"?>
<!-- Generated by org.testng.reporters.JUnitXMLReporter -->
<testsuite ignored="0" hostname="CTNL0060" failures="1" tests="1" name="LENOVO_Tab2A8_Android_5.1.0_ba0d3" time="91.376" errors="0" timestamp="21 Oct 2021 12:04:55 GMT">
  <testcase classname="com.crestech.android.tests.pCloudyAndroidTest" name="SampleAndroidTest on [pCloudyAndroidTest passed=0 failed=0 skipped=0]" time="0.445">
    <failure type="java.lang.RuntimeException" message="java.lang.NoSuchMethodException: jdk.proxy2.$Proxy28.proxyClassLookup()">
      <![CDATA[java.lang.RuntimeException: java.lang.NoSuchMethodException: jdk.proxy2.$Proxy28.proxyClassLookup()
	at io.appium.java_client.pagefactory.bys.builder.AppiumByBuilder.prepareAnnotationMethods(AppiumByBuilder.java:84)
	at io.appium.java_client.pagefactory.bys.builder.AppiumByBuilder.getFilledValue(AppiumByBuilder.java:91)
	at io.appium.java_client.pagefactory.bys.builder.AppiumByBuilder.createBy(AppiumByBuilder.java:147)
	at io.appium.java_client.pagefactory.DefaultElementByBuilder.getBys(DefaultElementByBuilder.java:133)
	at io.appium.java_client.pagefactory.DefaultElementByBuilder.buildMobileNativeBy(DefaultElementByBuilder.java:170)
	at io.appium.java_client.pagefactory.DefaultElementByBuilder.buildBy(DefaultElementByBuilder.java:204)
	at io.appium.java_client.pagefactory.AppiumElementLocatorFactory.createLocator(AppiumElementLocatorFactory.java:66)
	at io.appium.java_client.pagefactory.AppiumElementLocatorFactory.createLocator(AppiumElementLocatorFactory.java:53)
	at io.appium.java_client.pagefactory.AppiumElementLocatorFactory.createLocator(AppiumElementLocatorFactory.java:1)
	at org.openqa.selenium.support.pagefactory.DefaultFieldDecorator.decorate(DefaultFieldDecorator.java:56)
	at io.appium.java_client.pagefactory.AppiumFieldDecorator.decorate(AppiumFieldDecorator.java:155)
	at org.openqa.selenium.support.PageFactory.proxyFields(PageFactory.java:113)
	at org.openqa.selenium.support.PageFactory.initElements(PageFactory.java:105)
	at com.crestech.pages.PcloudyHomePage.<init>(PcloudyHomePage.java:29)
	at com.crestech.android.tests.pCloudyAndroidTest.SampleAndroidTest(pCloudyAndroidTest.java:29)
	at java.base/java.util.concurrent.FutureTask.run(FutureTask.java:264)
	at java.base/java.util.concurrent.ThreadPoolExecutor.runWorker(ThreadPoolExecutor.java:1130)
	at java.base/java.util.concurrent.ThreadPoolExecutor$Worker.run(ThreadPoolExecutor.java:630)
	at java.base/java.lang.Thread.run(Thread.java:831)
Caused by: java.lang.NoSuchMethodException: jdk.proxy2.$Proxy28.proxyClassLookup()
	at java.base/java.lang.Class.getMethod(Class.java:2195)
	at io.appium.java_client.pagefactory.bys.builder.AppiumByBuilder.prepareAnnotationMethods(AppiumByBuilder.java:82)
	... 34 more
... Removed 16 stack frames]]>
    </failure>
  </testcase> <!-- SampleAndroidTest on [pCloudyAndroidTest passed=0 failed=0 skipped=0] -->
</testsuite> <!-- LENOVO_Tab2A8_Android_5.1.0_ba0d3 -->
