<?xml version="1.0" encoding="UTF-8"?>
<!-- Generated by org.testng.reporters.JUnitXMLReporter -->
<testsuite ignored="0" hostname="CTNL0034" failures="0" tests="1" name="MOTOROLA_MotoE7Power_Android_10.0.0_a2201" time="39.212" errors="0" timestamp="18 Oct 2021 04:57:29 GMT">
  <testcase classname="com.crestech.android.tests.pCloudyAndroidTest" name="SampleAndroidTest on [pCloudyAndroidTest passed=0 failed=0 skipped=0]" time="0.503"/>
</testsuite> <!-- MOTOROLA_MotoE7Power_Android_10.0.0_a2201 -->
