<?xml version="1.0" encoding="UTF-8"?>
<!-- Generated by org.testng.reporters.JUnitXMLReporter -->
<testsuite ignored="0" hostname="CTNL0060" failures="1" tests="3" name="Test" time="127.355" errors="0" timestamp="2021-10-19T18:11:19 IST">
  <testcase classname="com.crestech.android.tests.chromeTest" name="SampleAndroidTest on [chromeTest passed=0 failed=0 skipped=0]" time="0.861">
    <skipped/>
  </testcase> <!-- SampleAndroidTest on [chromeTest passed=0 failed=0 skipped=0] -->
  <testcase classname="com.crestech.android.tests.chromeTest" name="SampleAndroidTest on [chromeTest passed=0 failed=0 skipped=0]" time="0.178">
    <skipped/>
  </testcase> <!-- SampleAndroidTest on [chromeTest passed=0 failed=0 skipped=0] -->
  <testcase classname="com.crestech.android.tests.chromeTest" name="SampleAndroidTest on [chromeTest passed=0 failed=0 skipped=0]" time="0.096">
    <failure type="java.lang.NoClassDefFoundError" message="Could not initialize class net.sf.cglib.proxy.Enhancer">
      <![CDATA[java.lang.NoClassDefFoundError: Could not initialize class net.sf.cglib.proxy.Enhancer
at io.appium.java_client.pagefactory.utils.ProxyFactory.getEnhancedProxy(ProxyFactory.java:52)
at io.appium.java_client.pagefactory.utils.ProxyFactory.getEnhancedProxy(ProxyFactory.java:33)
at io.appium.java_client.pagefactory.AppiumFieldDecorator.proxyForAnElement(AppiumFieldDecorator.java:217)
at io.appium.java_client.pagefactory.AppiumFieldDecorator.access$0(AppiumFieldDecorator.java:215)
at io.appium.java_client.pagefactory.AppiumFieldDecorator$1.proxyForLocator(AppiumFieldDecorator.java:107)
at org.openqa.selenium.support.pagefactory.DefaultFieldDecorator.decorate(DefaultFieldDecorator.java:62)
at io.appium.java_client.pagefactory.AppiumFieldDecorator.decorate(AppiumFieldDecorator.java:155)
at org.openqa.selenium.support.PageFactory.proxyFields(PageFactory.java:113)
at org.openqa.selenium.support.PageFactory.initElements(PageFactory.java:105)
at com.crestech.pages.ChromeHomePage.<init>(ChromeHomePage.java:25)
at com.crestech.android.tests.chromeTest.SampleAndroidTest(chromeTest.java:31)
at java.base/java.util.ArrayList.forEach(ArrayList.java:1511)
at java.base/java.util.concurrent.FutureTask.run(FutureTask.java:264)
at java.base/java.util.concurrent.ThreadPoolExecutor.runWorker(ThreadPoolExecutor.java:1130)
at java.base/java.util.concurrent.ThreadPoolExecutor$Worker.run(ThreadPoolExecutor.java:630)
at java.base/java.lang.Thread.run(Thread.java:831)
... Removed 18 stack frames]]>
    </failure>
  </testcase> <!-- SampleAndroidTest on [chromeTest passed=0 failed=0 skipped=0] -->
</testsuite> <!-- Test -->
