<?xml version="1.0" encoding="UTF-8"?>
<!-- Generated by org.testng.reporters.JUnitXMLReporter -->
<testsuite hostname="DESKTOP-9OLEHDV" ignored="0" name="APPLE_iPhone6Plus_iOS_13.3.1" tests="1" failures="0" timestamp="28 May 2020 13:22:50 GMT" time="0.513" errors="0">
  <testcase name="@BeforeMethod startApp" time="0.197" classname="com.crestech.base.UserBaseTest">
    <failure type="org.apache.poi.openxml4j.exceptions.OpenXML4JRuntimeException" message="Fail to save: an error occurs while saving the package : The part /xl/worksheets/sheet2.xml failed to be saved in the stream with marshaller org.apache.poi.openxml4j.opc.internal.marshallers.DefaultMarshaller@7b95359f">
      <![CDATA[org.apache.poi.openxml4j.exceptions.OpenXML4JRuntimeException: Fail to save: an error occurs while saving the package : The part /xl/worksheets/sheet2.xml failed to be saved in the stream with marshaller org.apache.poi.openxml4j.opc.internal.marshallers.DefaultMarshaller@7b95359f
	at org.apache.poi.openxml4j.opc.ZipPackage.saveImpl(ZipPackage.java:554)
	at org.apache.poi.openxml4j.opc.OPCPackage.save(OPCPackage.java:1505)
	at org.apache.poi.openxml4j.opc.OPCPackage.save(OPCPackage.java:1492)
	at org.apache.poi.openxml4j.opc.ZipPackage.closeImpl(ZipPackage.java:427)
	at org.apache.poi.openxml4j.opc.OPCPackage.close(OPCPackage.java:457)
	at org.apache.poi.ooxml.POIXMLDocument.close(POIXMLDocument.java:204)
	at org.apache.poi.xssf.usermodel.XSSFWorkbook.close(XSSFWorkbook.java:594)
	at com.crestech.common.utilities.ExcelUtils.readExcel(ExcelUtils.java:65)
	at com.crestech.base.UserBaseTest.startApp(UserBaseTest.java:77)
	at java.util.concurrent.FutureTask.run(FutureTask.java:266)
	at java.util.concurrent.ThreadPoolExecutor.runWorker(ThreadPoolExecutor.java:1142)
	at java.util.concurrent.ThreadPoolExecutor$Worker.run(ThreadPoolExecutor.java:617)
	at java.lang.Thread.run(Thread.java:745)
Caused by: org.apache.poi.openxml4j.exceptions.OpenXML4JException: The part /xl/worksheets/sheet2.xml failed to be saved in the stream with marshaller org.apache.poi.openxml4j.opc.internal.marshallers.DefaultMarshaller@7b95359f
	at org.apache.poi.openxml4j.opc.ZipPackage.saveImpl(ZipPackage.java:543)
	... 30 more
... Removed 18 stack frames]]>
    </failure>
  </testcase> <!-- @BeforeMethod startApp -->
  <testcase name="sampleIosTest on [pCloudyIosTest passed=0 failed=0 skipped=0]" time="0.0" classname="com.crestech.android.tests.pCloudyIosTest">
    <skipped/>
  </testcase> <!-- sampleIosTest on [pCloudyIosTest passed=0 failed=0 skipped=0] -->
</testsuite> <!-- APPLE_iPhone6Plus_iOS_13.3.1 -->
