<?xml version="1.0" encoding="UTF-8"?>
<!-- Generated by org.testng.reporters.JUnitXMLReporter -->
<testsuite hostname="DESKTOP-HRGIDKR" ignored="0" name="SAMSUNG_GalaxyS7_Android_8.0.0" tests="1" failures="0" timestamp="16 Jun 2020 10:55:30 GMT" time="71.084" errors="0">
  <testcase name="SampleAndroidTest on [pCloudyAndroidChromeTest passed=0 failed=0 skipped=0]" time="16.717" classname="com.crestech.android.tests.pCloudyAndroidChromeTest"/>
</testsuite> <!-- SAMSUNG_GalaxyS7_Android_8.0.0 -->
