<?xml version="1.0" encoding="UTF-8"?>
<!-- Generated by org.testng.reporters.JUnitXMLReporter -->
<testsuite hostname="DESKTOP-9OLEHDV" ignored="0" name="SAMSUNG_GalaxyNite10_Android_10.0.0" tests="1" failures="0" timestamp="29 May 2020 12:24:40 GMT" time="0.838" errors="0">
  <testcase name="@BeforeMethod startApp" time="0.03" classname="com.crestech.base.UserBaseTest">
    <failure type="java.lang.NullPointerException">
      <![CDATA[java.lang.NullPointerException
	at com.crestech.base.UserBaseTest.startApp(UserBaseTest.java:74)
	at java.util.concurrent.FutureTask.run(FutureTask.java:266)
	at java.util.concurrent.ThreadPoolExecutor.runWorker(ThreadPoolExecutor.java:1142)
	at java.util.concurrent.ThreadPoolExecutor$Worker.run(ThreadPoolExecutor.java:617)
	at java.lang.Thread.run(Thread.java:745)
... Removed 18 stack frames]]>
    </failure>
  </testcase> <!-- @BeforeMethod startApp -->
  <testcase name="SampleAndroidTest on [pCloudyAndroidTest passed=0 failed=0 skipped=0]" time="0.002" classname="com.crestech.android.tests.pCloudyAndroidTest">
    <skipped/>
  </testcase> <!-- SampleAndroidTest on [pCloudyAndroidTest passed=0 failed=0 skipped=0] -->
</testsuite> <!-- SAMSUNG_GalaxyNite10_Android_10.0.0 -->
