<?xml version="1.0" encoding="UTF-8"?>
<testng-results skipped="0" failed="0" ignored="0" total="0" passed="0">
  <reporter-output>
  </reporter-output>
  <suite name="Migo Suite" duration-ms="37" started-at="2020-06-19T11:20:47Z" finished-at="2020-06-19T11:20:47Z">
    <groups>
    </groups>
    <test name="SAMSUNG_GalaxyS7_Android_8.0.0" duration-ms="37" started-at="2020-06-19T11:20:47Z" finished-at="2020-06-19T11:20:47Z">
      <class name="com.crestech.android.tests.pCloudyAndroidTest">
        <test-method status="PASS" signature="beforeSuite()[pri:0, instance:[pCloudyAndroidTest passed=0 failed=0 skipped=0]]" name="beforeSuite" is-config="true" duration-ms="250" started-at="2020-06-19T16:50:47Z" finished-at="2020-06-19T16:50:47Z">
          <reporter-output>
          </reporter-output>
        </test-method> <!-- beforeSuite -->
        <test-method status="PASS" signature="flushReport()[pri:0, instance:[pCloudyAndroidTest passed=0 failed=0 skipped=0]]" name="flushReport" is-config="true" duration-ms="9" started-at="2020-06-19T16:50:47Z" finished-at="2020-06-19T16:50:47Z">
          <reporter-output>
          </reporter-output>
        </test-method> <!-- flushReport -->
      </class> <!-- com.crestech.android.tests.pCloudyAndroidTest -->
    </test> <!-- SAMSUNG_GalaxyS7_Android_8.0.0 -->
  </suite> <!-- Migo Suite -->
</testng-results>
