<?xml version="1.0" encoding="UTF-8"?>
<!-- Generated by org.testng.reporters.JUnitXMLReporter -->
<testsuite hostname="CTNL1595" name="Test to be run" tests="1" failures="0" timestamp="21 Oct 2021 04:47:50 GMT" time="0.29" errors="0">
  <testcase name="SampleAndroidTest on [pCloudyAndroidTest passed=0 failed=0 skipped=0]" time="0.0" classname="com.crestech.android.tests.pCloudyAndroidTest">
    <skipped/>
  </testcase> <!-- SampleAndroidTest on [pCloudyAndroidTest passed=0 failed=0 skipped=0] -->
</testsuite> <!-- Test to be run -->
